  Building 'HookSSDT2' with toolset 'WindowsKernelModeDriver10.0' and the 'Universal' target platform.
  Stamping Debug\HookSSDT2.inf
  Stamping [Version] section with DriverVer=03/17/2020,21.32.26.972
trace.h(1): warning wpp: -scan found no begin_wpp blocks. Rescanning as INI file. This behavior will be removed in a future release.
  Driver.c
C:\Users\bkm19\source\repos\HookSSDT2\HookSSDT2\Driver.c(88,50): warning C4057: '=': 'PLONG' differs in indirection to slightly different base types from 'UINT32 *'
C:\Users\bkm19\source\repos\HookSSDT2\HookSSDT2\Driver.c(102,66): warning C4047: 'function': 'LONG' differs in levels of indirection from 'PVOID'
C:\Users\bkm19\source\repos\HookSSDT2\HookSSDT2\Driver.c(102,66): warning C4024: '_InterlockedExchange': different types for formal and actual parameter 2
C:\Users\bkm19\source\repos\HookSSDT2\HookSSDT2\Driver.c(132,59): warning C4152: nonstandard extension, function/data pointer conversion in expression
C:\Users\bkm19\source\repos\HookSSDT2\HookSSDT2\Driver.c(132,84): warning C4152: nonstandard extension, function/data pointer conversion in expression
C:\Users\bkm19\source\repos\HookSSDT2\HookSSDT2\Driver.c(132,85): warning C4152: nonstandard extension, function/data pointer conversion in expression
C:\Users\bkm19\source\repos\HookSSDT2\HookSSDT2\Driver.c(149,63): warning C4047: 'function': 'LONG' differs in levels of indirection from 'PULONG'
C:\Users\bkm19\source\repos\HookSSDT2\HookSSDT2\Driver.c(149,63): warning C4024: '_InterlockedExchange': different types for formal and actual parameter 2
  HookSSDT2.vcxproj -> C:\Users\bkm19\source\repos\HookSSDT2\Debug\HookSSDT2.sys
  Done Adding Additional Store
  Successfully signed: C:\Users\bkm19\source\repos\HookSSDT2\Debug\HookSSDT2.sys
  
  Driver is a Universal Driver.
  .........................
  Signability test complete.
  
  Errors:
  None
  
  Warnings:
  None
  
  Catalog generation complete.
  C:\Users\bkm19\source\repos\HookSSDT2\Debug\HookSSDT2\hookssdt2.cat
  Done Adding Additional Store
  Successfully signed: C:\Users\bkm19\source\repos\HookSSDT2\Debug\HookSSDT2\hookssdt2.cat
  
