c:\users\bkm19\source\repos\hookssdt2\debug\hookssdt2.sys
c:\users\bkm19\source\repos\hookssdt2\debug\hookssdt2.pdb
c:\users\bkm19\source\repos\hookssdt2\debug\hookssdt2\hookssdt2.cat
c:\users\bkm19\source\repos\hookssdt2\hookssdt2\debug\hookssdt2.inf
c:\users\bkm19\source\repos\hookssdt2\hookssdt2\debug\driver.tmh
c:\users\bkm19\source\repos\hookssdt2\debug\hookssdt2.cer
c:\users\bkm19\source\repos\hookssdt2\debug\hookssdt2.inf
c:\users\bkm19\source\repos\hookssdt2\hookssdt2\debug\vc142.pdb
c:\users\bkm19\source\repos\hookssdt2\hookssdt2\debug\hookssdt2.tlog\cl.command.1.tlog
c:\users\bkm19\source\repos\hookssdt2\hookssdt2\debug\hookssdt2.tlog\inf2cat-expand.33932.read.1.tlog
c:\users\bkm19\source\repos\hookssdt2\hookssdt2\debug\hookssdt2.tlog\inf2cat-expand.33932.write.1.tlog
c:\users\bkm19\source\repos\hookssdt2\hookssdt2\debug\hookssdt2.tlog\inf2cat-expand.read.1.tlog
c:\users\bkm19\source\repos\hookssdt2\hookssdt2\debug\hookssdt2.tlog\inf2cat-expand.write.1.tlog
c:\users\bkm19\source\repos\hookssdt2\hookssdt2\debug\hookssdt2.tlog\inf2cat.command.1.tlog
c:\users\bkm19\source\repos\hookssdt2\hookssdt2\debug\hookssdt2.tlog\inf2cat.read.1.tlog
c:\users\bkm19\source\repos\hookssdt2\hookssdt2\debug\hookssdt2.tlog\inf2cat.read.8.tlog
c:\users\bkm19\source\repos\hookssdt2\hookssdt2\debug\hookssdt2.tlog\inf2cat.write.1.tlog
c:\users\bkm19\source\repos\hookssdt2\hookssdt2\debug\hookssdt2.tlog\inf2cat.write.8.tlog
c:\users\bkm19\source\repos\hookssdt2\hookssdt2\debug\hookssdt2.tlog\link.command.1.tlog
c:\users\bkm19\source\repos\hookssdt2\hookssdt2\debug\hookssdt2.tlog\link.read.1.tlog
c:\users\bkm19\source\repos\hookssdt2\hookssdt2\debug\hookssdt2.tlog\link.write.1.tlog
c:\users\bkm19\source\repos\hookssdt2\hookssdt2\debug\hookssdt2.tlog\signtool.command.1.tlog
c:\users\bkm19\source\repos\hookssdt2\hookssdt2\debug\hookssdt2.tlog\signtool.read.1.tlog
c:\users\bkm19\source\repos\hookssdt2\hookssdt2\debug\hookssdt2.tlog\signtool.timestamp.1.tlog
c:\users\bkm19\source\repos\hookssdt2\hookssdt2\debug\hookssdt2.tlog\signtool.write.1.tlog
c:\users\bkm19\source\repos\hookssdt2\hookssdt2\debug\hookssdt2.tlog\stampinf.command.1.tlog
c:\users\bkm19\source\repos\hookssdt2\hookssdt2\debug\hookssdt2.tlog\stampinf.read.1.tlog
c:\users\bkm19\source\repos\hookssdt2\hookssdt2\debug\hookssdt2.tlog\stampinf.write.1.tlog
c:\users\bkm19\source\repos\hookssdt2\hookssdt2\debug\hookssdt2.tlog\tracewpp.command.1.tlog
c:\users\bkm19\source\repos\hookssdt2\hookssdt2\debug\hookssdt2.tlog\tracewpp.read.1.tlog
c:\users\bkm19\source\repos\hookssdt2\hookssdt2\debug\hookssdt2.tlog\tracewpp.write.1.tlog
